<?xml version="1.0" encoding="UTF-8"?>
<!-- Generated by org.testng.reporters.JUnitXMLReporter -->
<testsuite ignored="0" hostname="NDA-DL-MKHAN" failures="0" tests="1" name="Chrome Test" time="0.027" errors="0" timestamp="08 Feb 2022 13:41:08 GMT">
  <testcase classname="testcases.FlightSearchTest" name="@BeforeClass init" time="0.0">
    <failure type="org.testng.TestNGException" message="
Parameter &amp;apos;grid&amp;apos; is required by BeforeClass on method init but has not been marked @Optional or defined
in D:\Eclipse_workspace_15Maybatch\SeleniumPDFReport\testng.xml">
      <![CDATA[org.testng.TestNGException: 
Parameter 'grid' is required by BeforeClass on method init but has not been marked @Optional or defined
in D:\Eclipse_workspace_15Maybatch\SeleniumPDFReport\testng.xml
at java.base/java.util.concurrent.FutureTask.run(FutureTask.java:264)
at java.base/java.util.concurrent.ThreadPoolExecutor.runWorker(ThreadPoolExecutor.java:1130)
at java.base/java.util.concurrent.ThreadPoolExecutor$Worker.run(ThreadPoolExecutor.java:630)
at java.base/java.lang.Thread.run(Thread.java:832)
... Removed 14 stack frames]]>
    </failure>
  </testcase> <!-- @BeforeClass init -->
  <testcase classname="testcases.FlightSearchTest" name="@AfterClass tearDown" time="0.0">
    <skipped/>
  </testcase> <!-- @AfterClass tearDown -->
  <testcase classname="testcases.FlightSearchTest" name="searchFlight" time="0.0">
    <skipped/>
  </testcase> <!-- searchFlight -->
</testsuite> <!-- Chrome Test -->
